  Game.cpp
C:\Users\jason\source\repos\SDLSpaceShooter\SDLSpaceShooter\SDLSpaceShooter\SpriteComponent.h(49,33): warning C4244: '=': conversion from 'float' to 'int', possible loss of data
C:\Users\jason\source\repos\SDLSpaceShooter\SDLSpaceShooter\SDLSpaceShooter\SpriteComponent.h(50,34): warning C4244: '=': conversion from 'float' to 'int', possible loss of data
C:\Users\jason\source\repos\SDLSpaceShooter\SDLSpaceShooter\SDLSpaceShooter\ColliderComponent.h(34,33): warning C4244: '=': conversion from 'float' to 'int', possible loss of data
C:\Users\jason\source\repos\SDLSpaceShooter\SDLSpaceShooter\SDLSpaceShooter\ColliderComponent.h(35,34): warning C4244: '=': conversion from 'float' to 'int', possible loss of data
C:\Users\jason\source\repos\SDLSpaceShooter\SDLSpaceShooter\SDLSpaceShooter\ProjectileComponent.h(46,49): warning C4244: 'initializing': conversion from 'float' to 'int', possible loss of data
C:\Users\jason\source\repos\SDLSpaceShooter\SDLSpaceShooter\SDLSpaceShooter\MeteorComponent.h(26,1): warning C4305: 'argument': truncation from 'double' to 'float'
C:\Users\jason\source\repos\SDLSpaceShooter\SDLSpaceShooter\SDLSpaceShooter\MeteorComponent.h(28,19): warning C4244: 'initializing': conversion from 'int' to 'float', possible loss of data
C:\Users\jason\source\repos\SDLSpaceShooter\SDLSpaceShooter\SDLSpaceShooter\MeteorComponent.h(34,23): warning C4244: 'argument': conversion from 'int' to 'float', possible loss of data
C:\Users\jason\source\repos\SDLSpaceShooter\SDLSpaceShooter\SDLSpaceShooter\ECS.h(105,33): warning C4244: 'argument': conversion from '_Ty' to 'float', possible loss of data
          with
          [
              _Ty=int
          ]
C:\Users\jason\source\repos\SDLSpaceShooter\SDLSpaceShooter\SDLSpaceShooter\Game.cpp(188): message : see reference to function template instantiation 'T &Entity::addComponent<TransformComponent,int,int,int,int,int>(int &&,int &&,int &&,int &&,int &&)' being compiled
          with
          [
              T=TransformComponent
          ]
  Generating code
  2 of 612 functions ( 0.3%) were compiled, the rest were copied from previous compilation.
    0 functions were new in current compilation
    0 functions had inline decision re-evaluated but remain unchanged
  Finished generating code
  SDLSpaceShooter.vcxproj -> C:\Users\jason\source\repos\SDLSpaceShooter\SDLSpaceShooter\x64\Release\SDLSpaceShooter.exe
